<?xml version="1.0" encoding="UTF-8"?>
<!-- Generated by org.testng.reporters.JUnitReportReporter -->
<testsuite hostname="LAPTOP-KS03E6ER" failures="0" tests="1" name="com.qa.testBase.TestBase" time="3.195" errors="0" timestamp="2022-07-22T22:20:06 IST" skipped="0">
  <testcase classname="com.qa.testBase.TestBase" name="setUp" time="3.195"/>
  <system-out/>
</testsuite> <!-- com.qa.testBase.TestBase -->
